[debug] > Exec(early(addDefaultCommands), None, None)
[debug] > Exec(addDefaultCommands, None, None)
[debug] > Exec(early(initialize), None, None)
[debug] > Exec(initialize, None, None)
[debug] > Exec(boot, None, None)
[debug] > Exec(writeSbtVersion, None, None)
[debug] > Exec(reload, None, None)
[debug] > Exec(sbtStashOnFailure, None, None)
[debug] > Exec(onFailure loadFailed, None, None)
[debug] > Exec(loadp, None, None)
[info] welcome to sbt 1.8.0 (Oracle Corporation Java 1.8.0_331)
[debug]       Load.loadUnit: plugins took 52.9492ms
[debug]       Load.loadUnit: defsScala took 0.2124ms
[debug] [Loading] Scanning directory C:\Users\muse\.sbt\1.0\plugins
[debug] [Loading] Found non-root projects 
[debug] [Loading] Done in C:\Users\muse\.sbt\1.0\plugins, returning: ()
[debug] deducing auto plugins based on known facts Set(Atom(sbt.plugins.CorePlugin)) and clauses Clauses(Clause(Atom(sbt.plugins.JvmPlugin),Set(Atom(sbt.plugins.IvyPlugin)))
[debug] Clause(Atom(sbt.ScriptedPlugin),Set(Atom(sbt.plugins.JvmPlugin)))
[debug] Clause(Atom(sbt.plugins.SbtPlugin),Set(Atom(sbt.ScriptedPlugin)))
[debug] Clause(Atom(sbt.plugins.SemanticdbPlugin),Set(Atom(sbt.plugins.JvmPlugin)))
[debug] Clause(Atom(sbt.plugins.JUnitXmlReportPlugin),Set(Atom(sbt.plugins.JvmPlugin)))
[debug] Clause(Atom(sbt.plugins.MiniDependencyTreePlugin),Set(Atom(sbt.plugins.JvmPlugin)))
[debug] Clause(Atom(sbt.plugins.CorePlugin),Set(Atom(sbt.plugins.IvyPlugin)))
[debug] Clause(Atom(sbt.plugins.IvyPlugin),Set(Atom(sbt.plugins.JvmPlugin)))
[debug] Clause(Atom(sbt.plugins.JvmPlugin),Set(Atom(sbt.plugins.SemanticdbPlugin)))
[debug] Clause(Atom(sbt.plugins.JvmPlugin),Set(Atom(sbt.plugins.JUnitXmlReportPlugin)))
[debug] Clause(Atom(sbt.plugins.CorePlugin),Set(Atom(sbt.plugins.Giter8TemplatePlugin)))
[debug] Clause(Atom(sbt.plugins.JvmPlugin),Set(Atom(sbt.plugins.MiniDependencyTreePlugin))))
[debug]   :: deduced result: Matched(sbt.plugins.CorePlugin,sbt.plugins.Giter8TemplatePlugin,sbt.plugins.IvyPlugin,sbt.plugins.JvmPlugin,sbt.plugins.MiniDependencyTreePlugin,sbt.plugins.JUnitXmlReportPlugin,sbt.plugins.SemanticdbPlugin)
[debug] Plugins.deducer#function took 85.6976 ms
[debug]           Load.resolveProject(global-plugins) took 28.7208ms
[debug]         Load.loadTransitive: finalizeProject(Project(id global-plugins, base: C:\Users\muse\.sbt\1.0\plugins, plugins: List(<none>))) took 130.4316ms
[debug] [Loading] Done in C:\Users\muse\.sbt\1.0\plugins, returning: (global-plugins)
[debug]       Load.loadUnit: loadedProjectsRaw took 142.8851ms
[debug]       Load.loadUnit: cleanEvalClasses took 0.1454ms
[debug]     Load.loadUnit(file:/C:/Users/muse/.sbt/1.0/plugins/, ...) took 201.9035ms
[debug]   Load.apply: load took 306.3636ms
[debug]   Load.apply: resolveProjects took 4.721ms
[debug]   Load.apply: finalTransforms took 34.1241ms
[debug]   Load.apply: config.delegates took 4.0549ms
[debug]   Load.apply: Def.make(settings)... took 181.7031ms
[debug]   Load.apply: structureIndex took 53.1098ms
[debug]   Load.apply: mkStreams took 1.48ms
[info] loading global plugins from C:\Users\muse\.sbt\1.0\plugins
[debug] Running task... Cancel: Signal, check cycles: false, forcegc: true
[debug] Load.defaultLoad until apply took 1231.1542ms
[debug]           Load.loadUnit: plugins took 18.4299ms
[debug]           Load.loadUnit: defsScala took 0.0022ms
[debug] [Loading] Scanning directory D:\postgraduate\chisel_learning\chisel-examples\project
[debug] [Loading] Found non-root projects 
[debug] [Loading] Done in D:\postgraduate\chisel_learning\chisel-examples\project, returning: ()
[debug] deducing auto plugins based on known facts Set(Atom(sbt.plugins.CorePlugin)) and clauses Clauses(Clause(Atom(sbt.plugins.JvmPlugin),Set(Atom(sbt.plugins.IvyPlugin)))
[debug] Clause(Atom(sbt.ScriptedPlugin),Set(Atom(sbt.plugins.JvmPlugin)))
[debug] Clause(Atom(sbt.plugins.SbtPlugin),Set(Atom(sbt.ScriptedPlugin)))
[debug] Clause(Atom(sbt.plugins.SemanticdbPlugin),Set(Atom(sbt.plugins.JvmPlugin)))
[debug] Clause(Atom(sbt.plugins.JUnitXmlReportPlugin),Set(Atom(sbt.plugins.JvmPlugin)))
[debug] Clause(Atom(sbt.plugins.MiniDependencyTreePlugin),Set(Atom(sbt.plugins.JvmPlugin)))
[debug] Clause(Atom(sbt.plugins.CorePlugin),Set(Atom(sbt.plugins.IvyPlugin)))
[debug] Clause(Atom(sbt.plugins.IvyPlugin),Set(Atom(sbt.plugins.JvmPlugin)))
[debug] Clause(Atom(sbt.plugins.JvmPlugin),Set(Atom(sbt.plugins.SemanticdbPlugin)))
[debug] Clause(Atom(sbt.plugins.JvmPlugin),Set(Atom(sbt.plugins.JUnitXmlReportPlugin)))
[debug] Clause(Atom(sbt.plugins.CorePlugin),Set(Atom(sbt.plugins.Giter8TemplatePlugin)))
[debug] Clause(Atom(sbt.plugins.JvmPlugin),Set(Atom(sbt.plugins.MiniDependencyTreePlugin))))
[debug]   :: deduced result: Matched(sbt.plugins.CorePlugin,sbt.plugins.Giter8TemplatePlugin,sbt.plugins.IvyPlugin,sbt.plugins.JvmPlugin,sbt.plugins.MiniDependencyTreePlugin,sbt.plugins.JUnitXmlReportPlugin,sbt.plugins.SemanticdbPlugin)
[debug] Plugins.deducer#function took 1.2287 ms
[debug]               Load.resolveProject(chisel-examples-build) took 0.6493ms
[debug]             Load.loadTransitive: finalizeProject(Project(id chisel-examples-build, base: D:\postgraduate\chisel_learning\chisel-examples\project, plugins: List(<none>))) took 2.166ms
[debug] [Loading] Done in D:\postgraduate\chisel_learning\chisel-examples\project, returning: (chisel-examples-build)
[debug]           Load.loadUnit: loadedProjectsRaw took 3.3015ms
[debug]           Load.loadUnit: cleanEvalClasses took 0.0062ms
[debug]         Load.loadUnit(file:/D:/postgraduate/chisel_learning/chisel-examples/project/, ...) took 22.2052ms
[debug]       Load.apply: load took 23.1499ms
[debug]       Load.apply: resolveProjects took 0.0788ms
[debug]       Load.apply: finalTransforms took 4.1507ms
[debug]       Load.apply: config.delegates took 0.2727ms
[debug]       Load.apply: Def.make(settings)... took 35.8318ms
[debug]       Load.apply: structureIndex took 15.2338ms
[debug]       Load.apply: mkStreams took 0.0022ms
[info] loading project definition from D:\postgraduate\chisel_learning\chisel-examples\project
[debug] Running task... Cancel: Signal, check cycles: false, forcegc: true
[debug]     Load.loadUnit: plugins took 194.4477ms
[debug]     Load.loadUnit: defsScala took 0.0019ms
[debug] [Loading] Scanning directory D:\postgraduate\chisel_learning\chisel-examples
[debug]       Load.loadUnit: mkEval took 5.3229ms
[debug] [Loading] Found non-root projects 
[debug] [Loading] Done in D:\postgraduate\chisel_learning\chisel-examples, returning: ()
[debug] deducing auto plugins based on known facts Set(Atom(sbt.plugins.CorePlugin)) and clauses Clauses(Clause(Atom(sbt.plugins.JvmPlugin),Set(Atom(sbt.plugins.IvyPlugin)))
[debug] Clause(Atom(sbt.ScriptedPlugin),Set(Atom(sbt.plugins.JvmPlugin)))
[debug] Clause(Atom(sbt.plugins.SbtPlugin),Set(Atom(sbt.ScriptedPlugin)))
[debug] Clause(Atom(sbt.plugins.SemanticdbPlugin),Set(Atom(sbt.plugins.JvmPlugin)))
[debug] Clause(Atom(sbt.plugins.JUnitXmlReportPlugin),Set(Atom(sbt.plugins.JvmPlugin)))
[debug] Clause(Atom(sbt.plugins.MiniDependencyTreePlugin),Set(Atom(sbt.plugins.JvmPlugin)))
[debug] Clause(Atom(sbt.plugins.CorePlugin),Set(Atom(sbt.plugins.IvyPlugin)))
[debug] Clause(Atom(sbt.plugins.IvyPlugin),Set(Atom(sbt.plugins.JvmPlugin)))
[debug] Clause(Atom(sbt.plugins.JvmPlugin),Set(Atom(sbt.plugins.SemanticdbPlugin)))
[debug] Clause(Atom(sbt.plugins.JvmPlugin),Set(Atom(sbt.plugins.JUnitXmlReportPlugin)))
[debug] Clause(Atom(sbt.plugins.CorePlugin),Set(Atom(sbt.plugins.Giter8TemplatePlugin)))
[debug] Clause(Atom(sbt.plugins.JvmPlugin),Set(Atom(sbt.plugins.MiniDependencyTreePlugin))))
[debug]   :: deduced result: Matched(sbt.plugins.CorePlugin,sbt.plugins.Giter8TemplatePlugin,sbt.plugins.IvyPlugin,sbt.plugins.JvmPlugin,sbt.plugins.MiniDependencyTreePlugin,sbt.plugins.JUnitXmlReportPlugin,sbt.plugins.SemanticdbPlugin)
[debug] Plugins.deducer#function took 1.1767 ms
[info] loading settings for project chisel-examples from build.sbt ...
[debug]         Load.resolveProject(chisel-examples) took 1.6727ms
[debug]       Load.loadTransitive: finalizeProject(Project(id chisel-examples, base: D:\postgraduate\chisel_learning\chisel-examples, plugins: List(<none>))) took 3.3206ms
[debug] [Loading] Done in D:\postgraduate\chisel_learning\chisel-examples, returning: (chisel-examples)
[debug]     Load.loadUnit: loadedProjectsRaw took 133.4836ms
[debug]     Load.loadUnit: cleanEvalClasses took 5.1003ms
[debug]   Load.loadUnit(file:/D:/postgraduate/chisel_learning/chisel-examples/, ...) took 333.5342ms
[debug] Load.apply: load took 334.5023ms
[debug] Load.apply: resolveProjects took 0.1061ms
[debug] Load.apply: finalTransforms took 3.8822ms
[debug] Load.apply: config.delegates took 0.212ms
[debug] Load.apply: Def.make(settings)... took 36.5625ms
[debug] Load.apply: structureIndex took 10.7313ms
[debug] Load.apply: mkStreams took 0.0028ms
[info] set current project to chisel-examples (in build file:/D:/postgraduate/chisel_learning/chisel-examples/)
[debug] > Exec(sbtPopOnFailure, None, None)
[debug] > Exec(resumeFromFailure, None, None)
[debug] > Exec(notifyUsersAboutShell, None, None)
[debug] > Exec(iflast shell, None, None)
[debug] > Exec(shell, None, None)
[info] sbt server started at local:sbt-server-5b67132bf6ca96ff4280
[debug] Writing bsp connection file
[info] started sbt server
