[debug] > Exec(early(addDefaultCommands), None, None)
[debug] > Exec(addDefaultCommands, None, None)
[debug] > Exec(early(initialize), None, None)
[debug] > Exec(initialize, None, None)
[debug] > Exec(boot, None, None)
[debug] > Exec(writeSbtVersion, None, None)
[info] Updated file D:\postgraduate\chisel_learning\chisel-examples\project\build.properties: set sbt.version to 1.8.0
[debug] > Exec(reload, None, None)
[debug] > Exec(sbtStashOnFailure, None, None)
[debug] > Exec(onFailure loadFailed, None, None)
[debug] > Exec(loadp, None, None)
[info] welcome to sbt 1.8.0 (Oracle Corporation Java 1.8.0_331)
[debug]       Load.loadUnit: plugins took 70.1447ms
[debug]       Load.loadUnit: defsScala took 0.2212ms
[debug] [Loading] Scanning directory C:\Users\muse\.sbt\1.0\plugins
[debug] [Loading] Found non-root projects 
[debug] [Loading] Done in C:\Users\muse\.sbt\1.0\plugins, returning: ()
[debug] deducing auto plugins based on known facts Set(Atom(sbt.plugins.CorePlugin)) and clauses Clauses(Clause(Atom(sbt.plugins.JvmPlugin),Set(Atom(sbt.plugins.IvyPlugin)))
[debug] Clause(Atom(sbt.ScriptedPlugin),Set(Atom(sbt.plugins.JvmPlugin)))
[debug] Clause(Atom(sbt.plugins.SbtPlugin),Set(Atom(sbt.ScriptedPlugin)))
[debug] Clause(Atom(sbt.plugins.SemanticdbPlugin),Set(Atom(sbt.plugins.JvmPlugin)))
[debug] Clause(Atom(sbt.plugins.JUnitXmlReportPlugin),Set(Atom(sbt.plugins.JvmPlugin)))
[debug] Clause(Atom(sbt.plugins.MiniDependencyTreePlugin),Set(Atom(sbt.plugins.JvmPlugin)))
[debug] Clause(Atom(sbt.plugins.CorePlugin),Set(Atom(sbt.plugins.IvyPlugin)))
[debug] Clause(Atom(sbt.plugins.IvyPlugin),Set(Atom(sbt.plugins.JvmPlugin)))
[debug] Clause(Atom(sbt.plugins.JvmPlugin),Set(Atom(sbt.plugins.SemanticdbPlugin)))
[debug] Clause(Atom(sbt.plugins.JvmPlugin),Set(Atom(sbt.plugins.JUnitXmlReportPlugin)))
[debug] Clause(Atom(sbt.plugins.CorePlugin),Set(Atom(sbt.plugins.Giter8TemplatePlugin)))
[debug] Clause(Atom(sbt.plugins.JvmPlugin),Set(Atom(sbt.plugins.MiniDependencyTreePlugin))))
[debug]   :: deduced result: Matched(sbt.plugins.CorePlugin,sbt.plugins.Giter8TemplatePlugin,sbt.plugins.IvyPlugin,sbt.plugins.JvmPlugin,sbt.plugins.MiniDependencyTreePlugin,sbt.plugins.JUnitXmlReportPlugin,sbt.plugins.SemanticdbPlugin)
[debug] Plugins.deducer#function took 10.3312 ms
[debug]           Load.resolveProject(global-plugins) took 32.8455ms
[debug]         Load.loadTransitive: finalizeProject(Project(id global-plugins, base: C:\Users\muse\.sbt\1.0\plugins, plugins: List(<none>))) took 63.8206ms
[debug] [Loading] Done in C:\Users\muse\.sbt\1.0\plugins, returning: (global-plugins)
[debug]       Load.loadUnit: loadedProjectsRaw took 78.6027ms
[debug]       Load.loadUnit: cleanEvalClasses took 0.2819ms
[debug]     Load.loadUnit(file:/C:/Users/muse/.sbt/1.0/plugins/, ...) took 155.6545ms
[debug]   Load.apply: load took 361.2443ms
[debug]   Load.apply: resolveProjects took 4.4627ms
[debug]   Load.apply: finalTransforms took 33.6242ms
[debug]   Load.apply: config.delegates took 4.1561ms
[debug]   Load.apply: Def.make(settings)... took 187.7022ms
[debug]   Load.apply: structureIndex took 54.3002ms
[debug]   Load.apply: mkStreams took 0.9745ms
[info] loading global plugins from C:\Users\muse\.sbt\1.0\plugins
[debug] Running task... Cancel: Signal, check cycles: false, forcegc: true
[debug] Load.defaultLoad until apply took 1331.3213ms
[debug]           Load.loadUnit: plugins took 23.5885ms
[debug]           Load.loadUnit: defsScala took 0.003ms
[debug] [Loading] Scanning directory D:\postgraduate\chisel_learning\chisel-examples\project
[debug] [Loading] Found non-root projects 
[debug] [Loading] Done in D:\postgraduate\chisel_learning\chisel-examples\project, returning: ()
[debug] deducing auto plugins based on known facts Set(Atom(sbt.plugins.CorePlugin)) and clauses Clauses(Clause(Atom(sbt.plugins.JvmPlugin),Set(Atom(sbt.plugins.IvyPlugin)))
[debug] Clause(Atom(sbt.ScriptedPlugin),Set(Atom(sbt.plugins.JvmPlugin)))
[debug] Clause(Atom(sbt.plugins.SbtPlugin),Set(Atom(sbt.ScriptedPlugin)))
[debug] Clause(Atom(sbt.plugins.SemanticdbPlugin),Set(Atom(sbt.plugins.JvmPlugin)))
[debug] Clause(Atom(sbt.plugins.JUnitXmlReportPlugin),Set(Atom(sbt.plugins.JvmPlugin)))
[debug] Clause(Atom(sbt.plugins.MiniDependencyTreePlugin),Set(Atom(sbt.plugins.JvmPlugin)))
[debug] Clause(Atom(sbt.plugins.CorePlugin),Set(Atom(sbt.plugins.IvyPlugin)))
[debug] Clause(Atom(sbt.plugins.IvyPlugin),Set(Atom(sbt.plugins.JvmPlugin)))
[debug] Clause(Atom(sbt.plugins.JvmPlugin),Set(Atom(sbt.plugins.SemanticdbPlugin)))
[debug] Clause(Atom(sbt.plugins.JvmPlugin),Set(Atom(sbt.plugins.JUnitXmlReportPlugin)))
[debug] Clause(Atom(sbt.plugins.CorePlugin),Set(Atom(sbt.plugins.Giter8TemplatePlugin)))
[debug] Clause(Atom(sbt.plugins.JvmPlugin),Set(Atom(sbt.plugins.MiniDependencyTreePlugin))))
[debug]   :: deduced result: Matched(sbt.plugins.CorePlugin,sbt.plugins.Giter8TemplatePlugin,sbt.plugins.IvyPlugin,sbt.plugins.JvmPlugin,sbt.plugins.MiniDependencyTreePlugin,sbt.plugins.JUnitXmlReportPlugin,sbt.plugins.SemanticdbPlugin)
[debug] Plugins.deducer#function took 1.257 ms
[debug]               Load.resolveProject(chisel-examples-build) took 0.9456ms
[debug]             Load.loadTransitive: finalizeProject(Project(id chisel-examples-build, base: D:\postgraduate\chisel_learning\chisel-examples\project, plugins: List(<none>))) took 2.5618ms
[debug] [Loading] Done in D:\postgraduate\chisel_learning\chisel-examples\project, returning: (chisel-examples-build)
[debug]           Load.loadUnit: loadedProjectsRaw took 3.7099ms
[debug]           Load.loadUnit: cleanEvalClasses took 0.0126ms
[debug]         Load.loadUnit(file:/D:/postgraduate/chisel_learning/chisel-examples/project/, ...) took 27.9988ms
[debug]       Load.apply: load took 29.1194ms
[debug]       Load.apply: resolveProjects took 0.1417ms
[debug]       Load.apply: finalTransforms took 7.1655ms
[debug]       Load.apply: config.delegates took 0.4864ms
[debug]       Load.apply: Def.make(settings)... took 45.9479ms
[debug]       Load.apply: structureIndex took 15.4893ms
[debug]       Load.apply: mkStreams took 0.0021ms
[info] loading project definition from D:\postgraduate\chisel_learning\chisel-examples\project
[debug] Running task... Cancel: Signal, check cycles: false, forcegc: true
[debug]     Load.loadUnit: plugins took 698.6595ms
[debug]     Load.loadUnit: defsScala took 0.0019ms
[debug] [Loading] Scanning directory D:\postgraduate\chisel_learning\chisel-examples
[debug]       Load.loadUnit: mkEval took 5.0459ms
[debug] [Loading] Found non-root projects 
[debug] [Loading] Done in D:\postgraduate\chisel_learning\chisel-examples, returning: ()
[debug] deducing auto plugins based on known facts Set(Atom(sbt.plugins.CorePlugin)) and clauses Clauses(Clause(Atom(sbt.plugins.JvmPlugin),Set(Atom(sbt.plugins.IvyPlugin)))
[debug] Clause(Atom(sbt.ScriptedPlugin),Set(Atom(sbt.plugins.JvmPlugin)))
[debug] Clause(Atom(sbt.plugins.SbtPlugin),Set(Atom(sbt.ScriptedPlugin)))
[debug] Clause(Atom(sbt.plugins.SemanticdbPlugin),Set(Atom(sbt.plugins.JvmPlugin)))
[debug] Clause(Atom(sbt.plugins.JUnitXmlReportPlugin),Set(Atom(sbt.plugins.JvmPlugin)))
[debug] Clause(Atom(sbt.plugins.MiniDependencyTreePlugin),Set(Atom(sbt.plugins.JvmPlugin)))
[debug] Clause(Atom(sbt.plugins.CorePlugin),Set(Atom(sbt.plugins.IvyPlugin)))
[debug] Clause(Atom(sbt.plugins.IvyPlugin),Set(Atom(sbt.plugins.JvmPlugin)))
[debug] Clause(Atom(sbt.plugins.JvmPlugin),Set(Atom(sbt.plugins.SemanticdbPlugin)))
[debug] Clause(Atom(sbt.plugins.JvmPlugin),Set(Atom(sbt.plugins.JUnitXmlReportPlugin)))
[debug] Clause(Atom(sbt.plugins.CorePlugin),Set(Atom(sbt.plugins.Giter8TemplatePlugin)))
[debug] Clause(Atom(sbt.plugins.JvmPlugin),Set(Atom(sbt.plugins.MiniDependencyTreePlugin))))
[debug]   :: deduced result: Matched(sbt.plugins.CorePlugin,sbt.plugins.Giter8TemplatePlugin,sbt.plugins.IvyPlugin,sbt.plugins.JvmPlugin,sbt.plugins.MiniDependencyTreePlugin,sbt.plugins.JUnitXmlReportPlugin,sbt.plugins.SemanticdbPlugin)
[debug] Plugins.deducer#function took 0.8135 ms
[info] loading settings for project chisel-examples from build.sbt ...
[debug]         Load.resolveProject(chisel-examples) took 1.6175ms
[debug]       Load.loadTransitive: finalizeProject(Project(id chisel-examples, base: D:\postgraduate\chisel_learning\chisel-examples, plugins: List(<none>))) took 2.7851ms
[debug] [Loading] Done in D:\postgraduate\chisel_learning\chisel-examples, returning: (chisel-examples)
[debug]     Load.loadUnit: loadedProjectsRaw took 1645.0333ms
[debug]     Load.loadUnit: cleanEvalClasses took 2.6473ms
[debug]   Load.loadUnit(file:/D:/postgraduate/chisel_learning/chisel-examples/, ...) took 2346.7543ms
[debug] Load.apply: load took 2347.5592ms
[debug] Load.apply: resolveProjects took 0.0637ms
[debug] Load.apply: finalTransforms took 4.1229ms
[debug] Load.apply: config.delegates took 0.1981ms
[debug] Load.apply: Def.make(settings)... took 39.667ms
[debug] Load.apply: structureIndex took 12.1036ms
[debug] Load.apply: mkStreams took 0.0021ms
[info] set current project to chisel-examples (in build file:/D:/postgraduate/chisel_learning/chisel-examples/)
[debug] > Exec(sbtPopOnFailure, None, None)
[debug] > Exec(resumeFromFailure, None, None)
[debug] > Exec(notifyUsersAboutShell, None, None)
[debug] > Exec(iflast shell, None, None)
[debug] > Exec(shell, None, None)
[info] sbt server started at local:sbt-server-5b67132bf6ca96ff4280
[debug] Writing bsp connection file
[info] started sbt server
