[debug] > Exec(early(addDefaultCommands), None, None)
[debug] > Exec(addDefaultCommands, None, None)
[debug] > Exec(early(initialize), None, None)
[debug] > Exec(initialize, None, None)
[debug] > Exec(boot, None, None)
[debug] > Exec(writeSbtVersion, None, None)
[debug] > Exec(reload, None, None)
[debug] > Exec(sbtStashOnFailure, None, None)
[debug] > Exec(onFailure loadFailed, None, None)
[debug] > Exec(loadp, None, None)
[info] welcome to sbt 1.8.0 (Oracle Corporation Java 1.8.0_331)
[debug]       Load.loadUnit: plugins took 55.0649ms
[debug]       Load.loadUnit: defsScala took 0.2987ms
[debug] [Loading] Scanning directory C:\Users\muse\.sbt\1.0\plugins
[debug] [Loading] Found non-root projects 
[debug] [Loading] Done in C:\Users\muse\.sbt\1.0\plugins, returning: ()
[debug] deducing auto plugins based on known facts Set(Atom(sbt.plugins.CorePlugin)) and clauses Clauses(Clause(Atom(sbt.plugins.JvmPlugin),Set(Atom(sbt.plugins.IvyPlugin)))
[debug] Clause(Atom(sbt.ScriptedPlugin),Set(Atom(sbt.plugins.JvmPlugin)))
[debug] Clause(Atom(sbt.plugins.SbtPlugin),Set(Atom(sbt.ScriptedPlugin)))
[debug] Clause(Atom(sbt.plugins.SemanticdbPlugin),Set(Atom(sbt.plugins.JvmPlugin)))
[debug] Clause(Atom(sbt.plugins.JUnitXmlReportPlugin),Set(Atom(sbt.plugins.JvmPlugin)))
[debug] Clause(Atom(sbt.plugins.MiniDependencyTreePlugin),Set(Atom(sbt.plugins.JvmPlugin)))
[debug] Clause(Atom(sbt.plugins.CorePlugin),Set(Atom(sbt.plugins.IvyPlugin)))
[debug] Clause(Atom(sbt.plugins.IvyPlugin),Set(Atom(sbt.plugins.JvmPlugin)))
[debug] Clause(Atom(sbt.plugins.JvmPlugin),Set(Atom(sbt.plugins.SemanticdbPlugin)))
[debug] Clause(Atom(sbt.plugins.JvmPlugin),Set(Atom(sbt.plugins.JUnitXmlReportPlugin)))
[debug] Clause(Atom(sbt.plugins.CorePlugin),Set(Atom(sbt.plugins.Giter8TemplatePlugin)))
[debug] Clause(Atom(sbt.plugins.JvmPlugin),Set(Atom(sbt.plugins.MiniDependencyTreePlugin))))
[debug]   :: deduced result: Matched(sbt.plugins.CorePlugin,sbt.plugins.Giter8TemplatePlugin,sbt.plugins.IvyPlugin,sbt.plugins.JvmPlugin,sbt.plugins.MiniDependencyTreePlugin,sbt.plugins.JUnitXmlReportPlugin,sbt.plugins.SemanticdbPlugin)
[debug] Plugins.deducer#function took 9.4622 ms
[debug]           Load.resolveProject(global-plugins) took 26.6585ms
[debug]         Load.loadTransitive: finalizeProject(Project(id global-plugins, base: C:\Users\muse\.sbt\1.0\plugins, plugins: List(<none>))) took 110.9236ms
[debug] [Loading] Done in C:\Users\muse\.sbt\1.0\plugins, returning: (global-plugins)
[debug]       Load.loadUnit: loadedProjectsRaw took 134.6034ms
[debug]       Load.loadUnit: cleanEvalClasses took 0.1321ms
[debug]     Load.loadUnit(file:/C:/Users/muse/.sbt/1.0/plugins/, ...) took 196.3142ms
[debug]   Load.apply: load took 284.4416ms
[debug]   Load.apply: resolveProjects took 3.2669ms
[debug]   Load.apply: finalTransforms took 29.3282ms
[debug]   Load.apply: config.delegates took 4.0128ms
[debug]   Load.apply: Def.make(settings)... took 173.6532ms
[debug]   Load.apply: structureIndex took 49.6769ms
[debug]   Load.apply: mkStreams took 1.2397ms
[info] loading global plugins from C:\Users\muse\.sbt\1.0\plugins
[debug] Running task... Cancel: Signal, check cycles: false, forcegc: true
[debug] Load.defaultLoad until apply took 1219.1755ms
[debug]           Load.loadUnit: plugins took 19.3331ms
[debug]           Load.loadUnit: defsScala took 0.0029ms
[debug] [Loading] Scanning directory D:\postgraduate\chisel_learning\chisel-examples\project
[debug] [Loading] Found non-root projects 
[debug] [Loading] Done in D:\postgraduate\chisel_learning\chisel-examples\project, returning: ()
[debug] deducing auto plugins based on known facts Set(Atom(sbt.plugins.CorePlugin)) and clauses Clauses(Clause(Atom(sbt.plugins.JvmPlugin),Set(Atom(sbt.plugins.IvyPlugin)))
[debug] Clause(Atom(sbt.ScriptedPlugin),Set(Atom(sbt.plugins.JvmPlugin)))
[debug] Clause(Atom(sbt.plugins.SbtPlugin),Set(Atom(sbt.ScriptedPlugin)))
[debug] Clause(Atom(sbt.plugins.SemanticdbPlugin),Set(Atom(sbt.plugins.JvmPlugin)))
[debug] Clause(Atom(sbt.plugins.JUnitXmlReportPlugin),Set(Atom(sbt.plugins.JvmPlugin)))
[debug] Clause(Atom(sbt.plugins.MiniDependencyTreePlugin),Set(Atom(sbt.plugins.JvmPlugin)))
[debug] Clause(Atom(sbt.plugins.CorePlugin),Set(Atom(sbt.plugins.IvyPlugin)))
[debug] Clause(Atom(sbt.plugins.IvyPlugin),Set(Atom(sbt.plugins.JvmPlugin)))
[debug] Clause(Atom(sbt.plugins.JvmPlugin),Set(Atom(sbt.plugins.SemanticdbPlugin)))
[debug] Clause(Atom(sbt.plugins.JvmPlugin),Set(Atom(sbt.plugins.JUnitXmlReportPlugin)))
[debug] Clause(Atom(sbt.plugins.CorePlugin),Set(Atom(sbt.plugins.Giter8TemplatePlugin)))
[debug] Clause(Atom(sbt.plugins.JvmPlugin),Set(Atom(sbt.plugins.MiniDependencyTreePlugin))))
[debug]   :: deduced result: Matched(sbt.plugins.CorePlugin,sbt.plugins.Giter8TemplatePlugin,sbt.plugins.IvyPlugin,sbt.plugins.JvmPlugin,sbt.plugins.MiniDependencyTreePlugin,sbt.plugins.JUnitXmlReportPlugin,sbt.plugins.SemanticdbPlugin)
[debug] Plugins.deducer#function took 1.3777 ms
[debug]               Load.resolveProject(chisel-examples-build) took 0.652ms
[debug]             Load.loadTransitive: finalizeProject(Project(id chisel-examples-build, base: D:\postgraduate\chisel_learning\chisel-examples\project, plugins: List(<none>))) took 2.3439ms
[debug] [Loading] Done in D:\postgraduate\chisel_learning\chisel-examples\project, returning: (chisel-examples-build)
[debug]           Load.loadUnit: loadedProjectsRaw took 3.4446ms
[debug]           Load.loadUnit: cleanEvalClasses took 0.0061ms
[debug]         Load.loadUnit(file:/D:/postgraduate/chisel_learning/chisel-examples/project/, ...) took 23.2995ms
[debug]       Load.apply: load took 24.2193ms
[debug]       Load.apply: resolveProjects took 0.0675ms
[debug]       Load.apply: finalTransforms took 5.2511ms
[debug]       Load.apply: config.delegates took 0.2089ms
[debug]       Load.apply: Def.make(settings)... took 39.8453ms
[debug]       Load.apply: structureIndex took 10.4203ms
[debug]       Load.apply: mkStreams took 0.0019ms
[info] loading project definition from D:\postgraduate\chisel_learning\chisel-examples\project
[debug] Running task... Cancel: Signal, check cycles: false, forcegc: true
[debug]     Load.loadUnit: plugins took 184.8091ms
[debug]     Load.loadUnit: defsScala took 0.0018ms
[debug] [Loading] Scanning directory D:\postgraduate\chisel_learning\chisel-examples
[debug]       Load.loadUnit: mkEval took 5.0291ms
[debug] [Loading] Found non-root projects 
[debug] [Loading] Done in D:\postgraduate\chisel_learning\chisel-examples, returning: ()
[debug] deducing auto plugins based on known facts Set(Atom(sbt.plugins.CorePlugin)) and clauses Clauses(Clause(Atom(sbt.plugins.JvmPlugin),Set(Atom(sbt.plugins.IvyPlugin)))
[debug] Clause(Atom(sbt.ScriptedPlugin),Set(Atom(sbt.plugins.JvmPlugin)))
[debug] Clause(Atom(sbt.plugins.SbtPlugin),Set(Atom(sbt.ScriptedPlugin)))
[debug] Clause(Atom(sbt.plugins.SemanticdbPlugin),Set(Atom(sbt.plugins.JvmPlugin)))
[debug] Clause(Atom(sbt.plugins.JUnitXmlReportPlugin),Set(Atom(sbt.plugins.JvmPlugin)))
[debug] Clause(Atom(sbt.plugins.MiniDependencyTreePlugin),Set(Atom(sbt.plugins.JvmPlugin)))
[debug] Clause(Atom(sbt.plugins.CorePlugin),Set(Atom(sbt.plugins.IvyPlugin)))
[debug] Clause(Atom(sbt.plugins.IvyPlugin),Set(Atom(sbt.plugins.JvmPlugin)))
[debug] Clause(Atom(sbt.plugins.JvmPlugin),Set(Atom(sbt.plugins.SemanticdbPlugin)))
[debug] Clause(Atom(sbt.plugins.JvmPlugin),Set(Atom(sbt.plugins.JUnitXmlReportPlugin)))
[debug] Clause(Atom(sbt.plugins.CorePlugin),Set(Atom(sbt.plugins.Giter8TemplatePlugin)))
[debug] Clause(Atom(sbt.plugins.JvmPlugin),Set(Atom(sbt.plugins.MiniDependencyTreePlugin))))
[debug]   :: deduced result: Matched(sbt.plugins.CorePlugin,sbt.plugins.Giter8TemplatePlugin,sbt.plugins.IvyPlugin,sbt.plugins.JvmPlugin,sbt.plugins.MiniDependencyTreePlugin,sbt.plugins.JUnitXmlReportPlugin,sbt.plugins.SemanticdbPlugin)
[debug] Plugins.deducer#function took 1.0119 ms
[info] loading settings for project chisel-examples from build.sbt ...
[debug]         Load.resolveProject(chisel-examples) took 1.6877ms
[debug]       Load.loadTransitive: finalizeProject(Project(id chisel-examples, base: D:\postgraduate\chisel_learning\chisel-examples, plugins: List(<none>))) took 3.1549ms
[debug] [Loading] Done in D:\postgraduate\chisel_learning\chisel-examples, returning: (chisel-examples)
[debug]     Load.loadUnit: loadedProjectsRaw took 125.7425ms
[debug]     Load.loadUnit: cleanEvalClasses took 4.6968ms
[debug]   Load.loadUnit(file:/D:/postgraduate/chisel_learning/chisel-examples/, ...) took 315.692ms
[debug] Load.apply: load took 316.5185ms
[debug] Load.apply: resolveProjects took 0.071ms
[debug] Load.apply: finalTransforms took 2.9173ms
[debug] Load.apply: config.delegates took 0.1688ms
[debug] Load.apply: Def.make(settings)... took 32.6582ms
[debug] Load.apply: structureIndex took 9.2099ms
[debug] Load.apply: mkStreams took 0.0024ms
[info] set current project to chisel-examples (in build file:/D:/postgraduate/chisel_learning/chisel-examples/)
[debug] > Exec(sbtPopOnFailure, None, None)
[debug] > Exec(resumeFromFailure, None, None)
[debug] > Exec(notifyUsersAboutShell, None, None)
[debug] > Exec(iflast shell, None, None)
[debug] > Exec(shell, None, None)
[info] sbt server started at local:sbt-server-5b67132bf6ca96ff4280
[debug] Writing bsp connection file
[info] started sbt server
